#                                                               --- full sequence ---- --- best 1 domain ---- --- domain number estimation ----
# target name        accession  query name           accession    E-value  score  bias   E-value  score  bias   exp reg clu  ov env dom rep inc description of target
#------------------- ---------- -------------------- ---------- --------- ------ ----- --------- ------ -----   --- --- --- --- --- --- --- --- ---------------------
k141_3240567_11      -          NCVOG0001            -           1.3e-107  363.3   0.0   8.8e-53  182.3   0.0   2.0   1   1   1   2   2   2   2 # 10105 # 12327 # -1 # ID=10645_11;partial=00;start_type=GTG;rbs_motif=TAT;rbs_spacer=4bp;gc_cont=0.391
k141_10219816_5      -          NCVOG0001            -           2.8e-107  362.1   0.0   1.7e-52  181.4   0.0   2.0   1   1   1   2   2   2   2 # 4422 # 6569 # -1 # ID=12221_5;partial=01;start_type=Edge;rbs_motif=None;rbs_spacer=None;gc_cont=0.439
k141_5994306_8       -          NCVOG0001            -           2.7e-106  358.9   0.0   3.4e-53  183.7   0.0   2.1   1   1   1   2   2   2   2 # 8151 # 10376 # -1 # ID=2582_8;partial=00;start_type=ATG;rbs_motif=None;rbs_spacer=None;gc_cont=0.459
k141_2644966_168     -          NCVOG0001            -              1e-77  264.6  48.6   1.1e-77  264.4  48.6   1.0   1   0   0   1   1   1   1 # 164886 # 166508 # 1 # ID=14257_168;partial=00;start_type=ATG;rbs_motif=TAAAT;rbs_spacer=5bp;gc_cont=0.201
k141_5163409_55      -          NCVOG0001            -            1.4e-72  247.6  46.9     2e-72  247.2  46.9   1.1   1   0   0   1   1   1   1 # 55370 # 56983 # 1 # ID=8007_55;partial=00;start_type=ATG;rbs_motif=TATAT;rbs_spacer=9bp;gc_cont=0.239
k141_9158314_4       -          NCVOG0001            -            6.7e-71  242.1  37.1   8.4e-71  241.8  37.1   1.0   1   0   0   1   1   1   1 # 3157 # 4698 # 1 # ID=11996_4;partial=00;start_type=ATG;rbs_motif=TATAT;rbs_spacer=3bp;gc_cont=0.250
k141_1052510_4       -          NCVOG0001            -            7.8e-70  238.6  28.3   9.5e-70  238.3  28.3   1.0   1   0   0   1   1   1   1 # 1336 # 2772 # -1 # ID=2408_4;partial=00;start_type=ATG;rbs_motif=TATA;rbs_spacer=6bp;gc_cont=0.266
k141_14086610_23     -          NCVOG0001            -            4.4e-69  236.1  17.1   4.9e-69  235.9  17.1   1.0   1   0   0   1   1   1   1 # 18646 # 20193 # 1 # ID=9495_23;partial=00;start_type=ATG;rbs_motif=TATATA;rbs_spacer=4bp;gc_cont=0.333
k141_15805756_6      -          NCVOG0001            -            5.2e-69  235.9  26.7   6.4e-69  235.6  26.7   1.0   1   0   0   1   1   1   1 # 2059 # 3390 # 1 # ID=11161_6;partial=00;start_type=ATG;rbs_motif=TAAAT;rbs_spacer=4bp;gc_cont=0.279
k141_15864658_5      -          NCVOG0001            -            8.4e-69  235.2  30.9   9.2e-69  235.1  30.9   1.0   1   0   0   1   1   1   1 # 3879 # 5444 # -1 # ID=11201_5;partial=00;start_type=ATG;rbs_motif=ATATA;rbs_spacer=7bp;gc_cont=0.284
k141_14827891_5      -          NCVOG0001            -            9.9e-69  234.9  16.7   1.2e-68  234.6  16.7   1.0   1   0   0   1   1   1   1 # 3105 # 4442 # 1 # ID=9511_5;partial=00;start_type=ATG;rbs_motif=ATA;rbs_spacer=4bp;gc_cont=0.348
k141_11647028_8      -          NCVOG0001            -            1.5e-67  231.0  32.6   1.9e-67  230.7  32.6   1.1   1   0   0   1   1   1   1 # 4617 # 6182 # 1 # ID=7836_8;partial=00;start_type=ATG;rbs_motif=TATATA;rbs_spacer=10bp;gc_cont=0.289
k141_1452061_18      -          NCVOG0001            -            2.7e-67  230.2  33.9   3.2e-67  230.0  33.9   1.0   1   0   0   1   1   1   1 # 12614 # 14164 # 1 # ID=300_18;partial=00;start_type=ATG;rbs_motif=ATATA;rbs_spacer=10bp;gc_cont=0.285
k141_15815521_10     -          NCVOG0001            -            1.3e-66  227.9   1.1   1.6e-66  227.6   1.1   1.0   1   0   0   1   1   1   1 # 7259 # 9061 # 1 # ID=11942_10;partial=00;start_type=ATG;rbs_motif=ATA;rbs_spacer=8bp;gc_cont=0.370
k141_3692572_12      -          NCVOG0001            -            2.4e-66  227.1  17.7     3e-66  226.8  17.7   1.1   1   0   0   1   1   1   1 # 13324 # 14835 # 1 # ID=9108_12;partial=00;start_type=ATG;rbs_motif=ATATA;rbs_spacer=3bp;gc_cont=0.350
k141_5408504_3       -          NCVOG0001            -            4.3e-65  223.0  26.1   5.4e-65  222.6  26.1   1.0   1   0   0   1   1   1   1 # 1338 # 2654 # -1 # ID=2791_3;partial=01;start_type=Edge;rbs_motif=None;rbs_spacer=None;gc_cont=0.283
k141_12653549_12     -          NCVOG0001            -            1.1e-64  221.6  35.5   1.3e-64  221.4  35.5   1.0   1   0   0   1   1   1
 1 # 10070 # 11632 # -1 # ID=40_12;partial=00;start_type=ATG;rbs_motif=TATATA;rbs_spacer=4bp;gc_cont=0.277
k141_11029087_6      -          NCVOG0001            -            1.2e-64  221.4  19.7   1.6e-64  221.0  19.7   1.1   1   0   0   1   1   1
 1 # 6350 # 8173 # 1 # ID=10824_6;partial=00;start_type=ATG;rbs_motif=ATATA;rbs_spacer=7bp;gc_cont=0.254
k141_10530398_9      -          NCVOG0001            -            1.6e-64  221.0  29.7     2e-64  220.8  29.7   1.0   1   0   0   1   1   1
 1 # 7383 # 8897 # 1 # ID=7039_9;partial=00;start_type=ATG;rbs_motif=ATA;rbs_spacer=4bp;gc_cont=0.335
k141_10769687_5      -          NCVOG0001            -            1.7e-64  221.0  19.9   2.1e-64  220.7  19.9   1.0   1   0   0   1   1   1
 1 # 2192 # 3724 # -1 # ID=14226_5;partial=00;start_type=TTG;rbs_motif=TATATA;rbs_spacer=10bp;gc_cont=0.332
 k141_3240567_14      -          NCVOG0005           -           1.3e-107  363.3   0.0   8.8e-53  182.3   0.0   2.0   1   1   1   2   2   2   2 # 10105 # 12327 # -1 # ID=10645_11;partial=00;start_type=GTG;rbs_motif=TAT;rbs_spacer=4bp;gc_cont=0.391
 k141_10769687_8      -          NCVOG0007            -            1.7e-64  221.0  19.9   2.1e-64  220.7  19.9   1.0   1   0   0   1   1   1
 1 # 2192 # 3724 # -1 # ID=14226_5;partial=00;start_type=TTG;rbs_motif=TATATA;rbs_spacer=10bp;gc_cont=0.332