#                                                                            --- full sequence ---- --- best 1 domain ---- --- domain number estimation ----
# target name                     accession  query name           accession    E-value  score  bias   E-value  score  bias   exp reg clu  ov env dom rep inc description of target
#             ------------------- ---------- -------------------- ---------- --------- ------ ----- --------- ------ -----   --- --- --- --- --- --- --- --- ---------------------
metabat2bin.1011_k141_4640152_4   -          MCP_all              -           2.6e-162  548.2   0.2  3.6e-117  399.5   0.0   2.0   2   0   0   2   2   2   2 -
metabat2bin.312_k141_2699848_9    -          MCP_all              -           8.8e-162  546.5   0.4  9.9e-115  391.5   0.0   2.0   2   0   0   2   2   2   2 -
metabat2bin.266_k141_14206695_7   -          MCP_all              -           1.5e-161  545.8   0.0  8.7e-117  398.2   0.0   2.0   2   0   0   2   2   2   2 -
metabat2bin.737_k141_14768579_5   -          MCP_all              -           8.2e-160  540.0   0.0  2.9e-114  389.9   0.0   2.0   2   0   0   2   2   2   2 -
metabat2bin.309_k141_2073144_3    -          MCP_all              -             2e-158  535.5   0.0  1.4e-114  391.0   0.0   2.0   2   0   0   2   2   2   2 -
metabat2bin.1091_k141_9260823_24  -          MCP_all              -           2.7e-158  535.0   0.0  1.2e-114  391.2   0.0   2.0   2   0   0   2   2   2   2 -
metabat2bin.273_k141_11811827_4   -          MCP_all              -           3.8e-158  534.5   0.0  1.8e-114  390.6   0.0   2.0   2   0   0   2   2   2   2 -
metabat2bin.861_k141_13134777_5   -          MCP_all              -           4.3e-158  534.4   0.0  3.9e-113  386.2   0.0   2.0   2   0   0   2   2   2   2 -
metabat2bin.622_k141_3626654_6    -          MCP_all              -           6.1e-158  533.8   0.0    1e-113  388.1   0.0   2.0   2   0   0   2   2   2   2 -
metabat2bin.86_k141_17153288_8    -          MCP_all              -           9.1e-158  533.3   0.1    3e-113  386.6   0.0   2.0   2   0   0   2   2   2   2 -
metabat2bin.104_k141_4516057_7    -          MCP_all              -           9.5e-158  533.2   0.0  4.5e-113  386.0   0.1   2.9   2   1   0   2   2   2   2 -
metabat2bin.933_k141_17694851_35  -          MCP_all              -             1e-157  533.1   0.0  1.5e-112  384.2   0.0   2.0   2   0   0   2   2   2   2 -
metabat2bin.954_k141_3545165_14   -          MCP_all              -           4.4e-157  531.0   0.0  8.4e-112  381.8   0.0   2.0   2   0   0   2   2   2   2 -
metabat2bin.246_k141_16533433_8   -          MCP_all              -           4.5e-157  531.0   0.0  9.2e-116  394.9   0.0   2.0   2   0   0   2   2   2   2 -
metabat2bin.188_k141_1032889_23   -          MCP_all              -           8.8e-157  530.0   1.1  3.6e-112  383.0   0.0   2.0   2   0   0   2   2   2   2 -
metabat2bin.236_k141_511835_4     -          MCP_all              -           9.4e-157  529.9   0.0  2.1e-115  393.7   0.0   2.1   2   0   0   2   2   2   2 -
metabat2bin.406_k141_15381688_34  -          MCP_all              -           1.2e-156  529.6   0.0  3.7e-113  386.3   0.0   2.0   2   0   0   2   2   2   2 -